<?xml version="1.0" encoding="UTF-8"?>
<testsuite name="com.etsy.RunTests" tests="1" skipped="0" failures="1" errors="0" timestamp="2020-12-31T19:02:48" hostname="DESKTOP-45BIB05" time="26.833">
  <properties/>
  <testcase name="The most expensive Sketchbook and any Turntable Mat are added to cart" classname="com.etsy.RunTests" time="26.833">
    <failure message="io.cucumber.junit.UndefinedStepException: The step &quot;the added items should be listed in the cart&quot; is undefined. You can implement it using the snippet(s) below:&#10;&#10;@Then(&quot;the added items should be listed in the cart&quot;)&#10;public void the_added_items_should_be_listed_in_the_cart() {&#10;    // Write code here that turns the phrase above into concrete actions&#10;    throw new io.cucumber.java.PendingException();&#10;}&#10;" type="io.cucumber.junit.UndefinedStepException">io.cucumber.junit.UndefinedStepException: The step &quot;the added items should be listed in the cart&quot; is undefined. You can implement it using the snippet(s) below:

@Then(&quot;the added items should be listed in the cart&quot;)
public void the_added_items_should_be_listed_in_the_cart() {
    // Write code here that turns the phrase above into concrete actions
    throw new io.cucumber.java.PendingException();
}

</failure>
  </testcase>
  <system-out><![CDATA[
@etsyCart
Scenario Outline: The most expensive Sketchbook and any Turntable Mat are added to cart ?[90m# src/test/resources/features/etsyCart.feature:15?[0m
  ?[32mGiven ?[0m?[32mUser navigates to ?[0m?[32m?[1m"https://etsy.com"?[0m                                            ?[90m# com.etsy.tests.EtsyCartTest.navigateToEtsy(java.lang.String)?[0m
  ?[32mWhen ?[0m?[32mUser searches for ?[0m?[32m?[1m"Sketchbook"?[0m                                                   ?[90m# com.etsy.tests.EtsyCartTest.searchForItem(java.lang.String)?[0m
  ?[32mAnd ?[0m?[32mUser sorts by ascending prices?[0m                                                    ?[90m# com.etsy.tests.EtsyCartTest.sortProductsByAscPrice()?[0m
  ?[32mAnd ?[0m?[32mUser adds the most expensive ?[0m?[32m?[1m"Sketchbook"?[0m?[32m to the cart?[0m                             ?[90m# com.etsy.tests.EtsyCartTest.addExpensiveItem(java.lang.String)?[0m
  ?[32mAnd ?[0m?[32mUser searches for ?[0m?[32m?[1m"Turntable Mat"?[0m                                                 ?[90m# com.etsy.tests.EtsyCartTest.searchForItem(java.lang.String)?[0m
  ?[32mAnd ?[0m?[32mUser adds any ?[0m?[32m?[1m"Turntable Mat"?[0m?[32m to the cart?[0m                                         ?[90m# com.etsy.tests.EtsyCartTest.addAnyItem(java.lang.String)?[0m
  ?[33mThen ?[0m?[33mthe added items should be listed in the cart?[0m                                     ?[90m# null?[0m
]]></system-out>
  <system-err><![CDATA[Starting ChromeDriver 87.0.4280.88 (89e2380a3e36c3464b5dd1302349b1382549290d-refs/branch-heads/4280@{#1761}) on port 37242
Only local connections are allowed.
Please see https://chromedriver.chromium.org/security-considerations for suggestions on keeping ChromeDriver safe.
ChromeDriver was started successfully.
Dec 31, 2020 8:02:51 PM org.openqa.selenium.remote.ProtocolHandshake createSession
INFO: Detected dialect: W3C
?[32m?[1m??????????????????????????????????????????????????????????????????????????????????????[0m
?[32m?[1m??[0m Share your Cucumber Report with your team at ?[36m?[1m?[4mhttps://reports.cucumber.io?[0m          ?[32m?[1m??[0m
?[32m?[1m??[0m Activate publishing with one of the following:                                    ?[32m?[1m??[0m
?[32m?[1m??[0m                                                                                   ?[32m?[1m??[0m
?[32m?[1m??[0m src/test/resources/cucumber.properties:          ?[36mcucumber.publish.enabled?[0m=?[36mtrue?[0m    ?[32m?[1m??[0m
?[32m?[1m??[0m src/test/resources/junit-platform.properties:    ?[36mcucumber.publish.enabled?[0m=?[36mtrue?[0m    ?[32m?[1m??[0m
?[32m?[1m??[0m Environment variable:                            ?[36mCUCUMBER_PUBLISH_ENABLED?[0m=?[36mtrue?[0m    ?[32m?[1m??[0m
?[32m?[1m??[0m JUnit:                                           ?[36m@CucumberOptions?[0m(publish = ?[36mtrue?[0m) ?[32m?[1m??[0m
?[32m?[1m??[0m                                                                                   ?[32m?[1m??[0m
?[32m?[1m??[0m More information at ?[36mhttps://reports.cucumber.io/docs/cucumber-jvm?[0m                 ?[32m?[1m??[0m
?[32m?[1m??[0m                                                                                   ?[32m?[1m??[0m
?[32m?[1m??[0m Disable this message with one of the following:                                   ?[32m?[1m??[0m
?[32m?[1m??[0m                                                                                   ?[32m?[1m??[0m
?[32m?[1m??[0m src/test/resources/cucumber.properties:          ?[36mcucumber.publish.quiet?[0m=?[36mtrue?[0m      ?[32m?[1m??[0m
?[32m?[1m??[0m src/test/resources/junit-platform.properties:    ?[36mcucumber.publish.quiet?[0m=?[36mtrue?[0m      ?[32m?[1m??[0m
?[32m?[1m??????????????????????????????????????????????????????????????????????????????????????[0m
]]></system-err>
</testsuite>
